<?xml version="1.0" encoding="UTF-8"?>
<robot generator="Robot 6.0.1 (Python 3.11.1 on darwin)" generated="20221228 10:24:34.638" rpa="false" schemaversion="3">
<suite id="s1" name="RobotFWTutuorial" source="/Users/emregul/PycharmProjects/RobotFWTutuorial">
<suite id="s1-s1" name="Tests" source="/Users/emregul/PycharmProjects/RobotFWTutuorial/Tests">
<suite id="s1-s1-s1" name="eBay" source="/Users/emregul/PycharmProjects/RobotFWTutuorial/Tests/eBay">
<suite id="s1-s1-s1-s1" name="Verify search functionality" source="/Users/emregul/PycharmProjects/RobotFWTutuorial/Tests/eBay/Verify_search_functionality.robot">
<test id="s1-s1-s1-s1-t1" name="Verify basic search functionality" line="13">
<kw name="Start TestCase" library="CommonFunctionality" type="SETUP">
<kw name="Open Browser" library="SeleniumLibrary">
<arg>https://www.ebay.com</arg>
<arg>chrome</arg>
<doc>Opens a new browser instance to the optional ``url``.</doc>
<msg timestamp="20221228 10:24:34.776" level="INFO">Opening browser 'chrome' to base url 'https://www.ebay.com'.</msg>
<status status="PASS" starttime="20221228 10:24:34.776" endtime="20221228 10:24:43.540"/>
</kw>
<kw name="Maximize Browser Window" library="SeleniumLibrary">
<doc>Maximizes current browser window.</doc>
<status status="PASS" starttime="20221228 10:24:43.540" endtime="20221228 10:24:44.294"/>
</kw>
<status status="PASS" starttime="20221228 10:24:34.776" endtime="20221228 10:24:44.294"/>
</kw>
<kw name="Input Search Text and Click Search" library="HeaderPage">
<kw name="Input Text" library="SeleniumLibrary">
<arg>xpath://*[@id="gh-ac"]</arg>
<arg>mobile</arg>
<doc>Types the given ``text`` into the text field identified by ``locator``.</doc>
<msg timestamp="20221228 10:24:44.294" level="INFO">Typing text 'mobile' into text field 'xpath://*[@id="gh-ac"]'.</msg>
<status status="PASS" starttime="20221228 10:24:44.294" endtime="20221228 10:25:00.525"/>
</kw>
<kw name="Press Keys" library="SeleniumLibrary">
<arg>xpath://*[@id="gh-btn"]</arg>
<arg>RETURN</arg>
<doc>Simulates the user pressing key(s) to an element or on the active browser.</doc>
<msg timestamp="20221228 10:25:00.525" level="INFO">Sending key(s) ('RETURN',) to xpath://*[@id="gh-btn"] element.</msg>
<msg timestamp="20221228 10:25:07.334" level="INFO">Pressing special key RETURN to element.</msg>
<msg timestamp="20221228 10:25:07.334" level="INFO">Releasing special key RETURN.</msg>
<status status="PASS" starttime="20221228 10:25:00.525" endtime="20221228 10:25:07.384"/>
</kw>
<status status="PASS" starttime="20221228 10:24:44.294" endtime="20221228 10:25:07.384"/>
</kw>
<kw name="Verify Search Results" library="SearchResultsPage">
<kw name="Page Should Contain" library="SeleniumLibrary">
<arg>results for mobile</arg>
<doc>Verifies that current page contains ``text``.</doc>
<msg timestamp="20221228 10:25:07.545" level="INFO">Current page contains text 'results for mobile'.</msg>
<status status="PASS" starttime="20221228 10:25:07.384" endtime="20221228 10:25:07.546"/>
</kw>
<status status="PASS" starttime="20221228 10:25:07.384" endtime="20221228 10:25:07.546"/>
</kw>
<kw name="Finish TestCase" library="CommonFunctionality" type="TEARDOWN">
<kw name="Close Browser" library="SeleniumLibrary">
<doc>Closes the current browser.</doc>
<status status="PASS" starttime="20221228 10:25:07.546" endtime="20221228 10:25:07.636"/>
</kw>
<status status="PASS" starttime="20221228 10:25:07.546" endtime="20221228 10:25:07.636"/>
</kw>
<doc>This test case verify the basic search</doc>
<tag>Functional</tag>
<status status="PASS" starttime="20221228 10:24:34.776" endtime="20221228 10:25:07.636"/>
</test>
<test id="s1-s1-s1-s1-t2" name="Verify advanced search functionality" line="20">
<kw name="Start TestCase" library="CommonFunctionality" type="SETUP">
<kw name="Open Browser" library="SeleniumLibrary">
<arg>https://www.ebay.com</arg>
<arg>chrome</arg>
<doc>Opens a new browser instance to the optional ``url``.</doc>
<msg timestamp="20221228 10:25:07.637" level="INFO">Opening browser 'chrome' to base url 'https://www.ebay.com'.</msg>
<status status="PASS" starttime="20221228 10:25:07.637" endtime="20221228 10:25:15.534"/>
</kw>
<kw name="Maximize Browser Window" library="SeleniumLibrary">
<doc>Maximizes current browser window.</doc>
<status status="PASS" starttime="20221228 10:25:15.534" endtime="20221228 10:25:16.230"/>
</kw>
<status status="PASS" starttime="20221228 10:25:07.637" endtime="20221228 10:25:16.230"/>
</kw>
<kw name="Click on Advanced Search Link" library="HeaderPage">
<kw name="Click Element" library="SeleniumLibrary">
<arg>//*[@id="gh-as-a"]</arg>
<doc>Click the element identified by ``locator``.</doc>
<msg timestamp="20221228 10:25:16.230" level="INFO">Clicking element '//*[@id="gh-as-a"]'.</msg>
<status status="PASS" starttime="20221228 10:25:16.230" endtime="20221228 10:25:28.129"/>
</kw>
<status status="PASS" starttime="20221228 10:25:16.230" endtime="20221228 10:25:28.129"/>
</kw>
<kw name="Finish TestCase" library="CommonFunctionality" type="TEARDOWN">
<kw name="Close Browser" library="SeleniumLibrary">
<doc>Closes the current browser.</doc>
<status status="PASS" starttime="20221228 10:25:28.129" endtime="20221228 10:25:28.216"/>
</kw>
<status status="PASS" starttime="20221228 10:25:28.129" endtime="20221228 10:25:28.216"/>
</kw>
<doc>This test case verifies the advanced search</doc>
<tag>Functional</tag>
<status status="PASS" starttime="20221228 10:25:07.637" endtime="20221228 10:25:28.216"/>
</test>
<doc>Basic Search Functionality</doc>
<status status="PASS" starttime="20221228 10:24:34.651" endtime="20221228 10:25:28.216"/>
</suite>
<status status="PASS" starttime="20221228 10:24:34.651" endtime="20221228 10:25:28.217"/>
</suite>
<status status="PASS" starttime="20221228 10:24:34.650" endtime="20221228 10:25:28.218"/>
</suite>
<status status="PASS" starttime="20221228 10:24:34.639" endtime="20221228 10:25:28.218"/>
</suite>
<statistics>
<total>
<stat pass="2" fail="0" skip="0">All Tests</stat>
</total>
<tag>
<stat pass="2" fail="0" skip="0">Functional</stat>
</tag>
<suite>
<stat pass="2" fail="0" skip="0" id="s1" name="RobotFWTutuorial">RobotFWTutuorial</stat>
<stat pass="2" fail="0" skip="0" id="s1-s1" name="Tests">RobotFWTutuorial.Tests</stat>
<stat pass="2" fail="0" skip="0" id="s1-s1-s1" name="eBay">RobotFWTutuorial.Tests.eBay</stat>
<stat pass="2" fail="0" skip="0" id="s1-s1-s1-s1" name="Verify search functionality">RobotFWTutuorial.Tests.eBay.Verify search functionality</stat>
</suite>
</statistics>
<errors>
</errors>
</robot>
