<?xml version="1.0" encoding="UTF-8"?>
<robot generator="Robot 6.0.1 (Python 3.11.1 on darwin)" generated="20221216 17:20:01.690" rpa="false" schemaversion="3">
<suite id="s1" name="GoogleSearch" source="/Users/emregul/PycharmProjects/RobotFWTutuorial/Tests/Google/FunctionalTestSuite/GoogleSearch.robot">
<test id="s1-t1" name="This is sample test case" line="9">
<kw name="Open Browser" library="SeleniumLibrary">
<arg>https://www.google.com</arg>
<arg>chrome</arg>
<doc>Opens a new browser instance to the optional ``url``.</doc>
<msg timestamp="20221216 17:20:01.810" level="INFO">Opening browser 'chrome' to base url 'https://www.google.com'.</msg>
<status status="PASS" starttime="20221216 17:20:01.809" endtime="20221216 17:20:09.376"/>
</kw>
<kw name="Close Browser" library="SeleniumLibrary">
<doc>Closes the current browser.</doc>
<status status="PASS" starttime="20221216 17:20:09.379" endtime="20221216 17:20:09.452"/>
</kw>
<doc>Google test</doc>
<tag>regression</tag>
<status status="PASS" starttime="20221216 17:20:01.809" endtime="20221216 17:20:09.453"/>
</test>
<status status="PASS" starttime="20221216 17:20:01.691" endtime="20221216 17:20:09.453"/>
</suite>
<statistics>
<total>
<stat pass="1" fail="0" skip="0">All Tests</stat>
</total>
<tag>
<stat pass="1" fail="0" skip="0">regression</stat>
</tag>
<suite>
<stat pass="1" fail="0" skip="0" id="s1" name="GoogleSearch">GoogleSearch</stat>
</suite>
</statistics>
<errors>
<msg timestamp="20221216 17:20:01.809" level="ERROR">Error in file '/Users/emregul/PycharmProjects/RobotFWTutuorial/Tests/Google/FunctionalTestSuite/GoogleSearch.robot' on line 3: Resource setting requires value.</msg>
</errors>
</robot>
