<?xml version="1.0" encoding="UTF-8"?>
<robot generator="Robot 6.0.1 (Python 3.11.1 on darwin)" generated="20221219 10:42:37.573" rpa="false" schemaversion="3">
<suite id="s1" name="BasicSearch" source="/Users/emregul/PycharmProjects/RobotFWTutuorial/Tests/eBay/BasicSearch.robot">
<test id="s1-t1" name="Verify basic search functionality for eBay" line="10">
<kw name="Open Browser" library="SeleniumLibrary">
<arg>https://www.ebay.com</arg>
<arg>chrome</arg>
<doc>Opens a new browser instance to the optional ``url``.</doc>
<msg timestamp="20221219 10:42:37.687" level="INFO">Opening browser 'chrome' to base url 'https://www.ebay.com'.</msg>
<status status="PASS" starttime="20221219 10:42:37.687" endtime="20221219 10:42:48.212"/>
</kw>
<kw name="Input Text" library="SeleniumLibrary">
<arg>//*[@id="gh-ac"]</arg>
<arg>mobile</arg>
<doc>Types the given ``text`` into the text field identified by ``locator``.</doc>
<msg timestamp="20221219 10:42:48.212" level="INFO">Typing text 'mobile' into text field '//*[@id="gh-ac"]'.</msg>
<status status="PASS" starttime="20221219 10:42:48.212" endtime="20221219 10:43:02.085"/>
</kw>
<kw name="Press Keys" library="SeleniumLibrary">
<arg>//*[@id="gh-btn"]</arg>
<arg>[Return]</arg>
<doc>Simulates the user pressing key(s) to an element or on the active browser.</doc>
<msg timestamp="20221219 10:43:02.085" level="INFO">Sending key(s) ('[Return]',) to //*[@id="gh-btn"] element.</msg>
<msg timestamp="20221219 10:43:12.391" level="INFO">Sending keys [Return]</msg>
<status status="PASS" starttime="20221219 10:43:02.085" endtime="20221219 10:43:13.517"/>
</kw>
<kw name="Page Should Contain" library="SeleniumLibrary">
<arg>results for mobile</arg>
<doc>Verifies that current page contains ``text``.</doc>
<msg timestamp="20221219 10:43:14.150" level="INFO">Current page contains text 'results for mobile'.</msg>
<status status="PASS" starttime="20221219 10:43:13.517" endtime="20221219 10:43:14.150"/>
</kw>
<kw name="Close Browser" library="SeleniumLibrary">
<doc>Closes the current browser.</doc>
<status status="PASS" starttime="20221219 10:43:14.150" endtime="20221219 10:43:14.244"/>
</kw>
<doc>This test case verifies the basic search</doc>
<tag>Functional</tag>
<status status="PASS" starttime="20221219 10:42:37.687" endtime="20221219 10:43:14.244"/>
</test>
<doc>Basic Search Functionality</doc>
<status status="PASS" starttime="20221219 10:42:37.573" endtime="20221219 10:43:14.244"/>
</suite>
<statistics>
<total>
<stat pass="1" fail="0" skip="0">All Tests</stat>
</total>
<tag>
<stat pass="1" fail="0" skip="0">Functional</stat>
</tag>
<suite>
<stat pass="1" fail="0" skip="0" id="s1" name="BasicSearch">BasicSearch</stat>
</suite>
</statistics>
<errors>
</errors>
</robot>
