<?xml version="1.0" encoding="UTF-8"?>
<robot generator="Robot 6.0.1 (Python 3.11.1 on darwin)" generated="20221219 11:24:31.164" rpa="false" schemaversion="3">
<suite id="s1" name="BasicSearch" source="/Users/emregul/PycharmProjects/RobotFWTutuorial/Tests/eBay/BasicSearch.robot">
<test id="s1-t1" name="Verify basic search functionality for eBay" line="10">
<kw name="Open Browser" library="SeleniumLibrary">
<arg>https://www.ebay.com</arg>
<arg>chrome</arg>
<doc>Opens a new browser instance to the optional ``url``.</doc>
<msg timestamp="20221219 11:24:32.453" level="INFO">Opening browser 'chrome' to base url 'https://www.ebay.com'.</msg>
<status status="PASS" starttime="20221219 11:24:32.452" endtime="20221219 11:24:41.466"/>
</kw>
<kw name="Maximize Browser Window" library="SeleniumLibrary">
<doc>Maximizes current browser window.</doc>
<status status="PASS" starttime="20221219 11:24:41.466" endtime="20221219 11:24:44.375"/>
</kw>
<kw name="Input Text" library="SeleniumLibrary">
<arg>//*[@id="gh-ac"]</arg>
<arg>mobile</arg>
<doc>Types the given ``text`` into the text field identified by ``locator``.</doc>
<msg timestamp="20221219 11:24:44.376" level="INFO">Typing text 'mobile' into text field '//*[@id="gh-ac"]'.</msg>
<status status="PASS" starttime="20221219 11:24:44.375" endtime="20221219 11:25:00.322"/>
</kw>
<kw name="Press Keys" library="SeleniumLibrary">
<arg>//*[@id="gh-btn"]</arg>
<arg>RETURN</arg>
<doc>Simulates the user pressing key(s) to an element or on the active browser.</doc>
<msg timestamp="20221219 11:25:00.323" level="INFO">Sending key(s) ('RETURN',) to //*[@id="gh-btn"] element.</msg>
<msg timestamp="20221219 11:25:06.586" level="INFO">Pressing special key RETURN to element.</msg>
<msg timestamp="20221219 11:25:06.586" level="INFO">Releasing special key RETURN.</msg>
<status status="PASS" starttime="20221219 11:25:00.322" endtime="20221219 11:25:06.611"/>
</kw>
<kw name="Page Should Contain" library="SeleniumLibrary">
<arg>results for mobile</arg>
<doc>Verifies that current page contains ``text``.</doc>
<msg timestamp="20221219 11:25:06.773" level="INFO">Current page contains text 'results for mobile'.</msg>
<status status="PASS" starttime="20221219 11:25:06.611" endtime="20221219 11:25:06.773"/>
</kw>
<kw name="Close Browser" library="SeleniumLibrary">
<doc>Closes the current browser.</doc>
<status status="PASS" starttime="20221219 11:25:06.773" endtime="20221219 11:25:06.864"/>
</kw>
<doc>This test case verifies the basic search</doc>
<tag>Functional</tag>
<status status="PASS" starttime="20221219 11:24:32.452" endtime="20221219 11:25:06.864"/>
</test>
<doc>Basic Search Functionality</doc>
<status status="PASS" starttime="20221219 11:24:31.168" endtime="20221219 11:25:06.865"/>
</suite>
<statistics>
<total>
<stat pass="1" fail="0" skip="0">All Tests</stat>
</total>
<tag>
<stat pass="1" fail="0" skip="0">Functional</stat>
</tag>
<suite>
<stat pass="1" fail="0" skip="0" id="s1" name="BasicSearch">BasicSearch</stat>
</suite>
</statistics>
<errors>
</errors>
</robot>
