<?xml version="1.0" encoding="UTF-8"?>
<robot generator="Robot 6.0.1 (Python 3.11.1 on darwin)" generated="20221220 19:25:24.434" rpa="false" schemaversion="3">
<suite id="s1" name="BasicSearch3" source="/Users/emregul/PycharmProjects/RobotFWTutuorial/Tests/eBay/BasicSearch3.robot">
<test id="s1-t1" name="Verify basic search functionality for eBay" line="18">
<kw name="Start TestCase" library="CommonFunctionality">
<kw name="Open Browser" library="SeleniumLibrary">
<arg>https://www.ebay.com</arg>
<arg>chrome</arg>
<doc>Opens a new browser instance to the optional ``url``.</doc>
<msg timestamp="20221220 19:25:24.614" level="INFO">Opening browser 'chrome' to base url 'https://www.ebay.com'.</msg>
<status status="PASS" starttime="20221220 19:25:24.614" endtime="20221220 19:25:32.987"/>
</kw>
<kw name="Maximize Browser Window" library="SeleniumLibrary">
<doc>Maximizes current browser window.</doc>
<status status="PASS" starttime="20221220 19:25:32.988" endtime="20221220 19:25:33.866"/>
</kw>
<status status="PASS" starttime="20221220 19:25:24.613" endtime="20221220 19:25:33.866"/>
</kw>
<kw name="Verify Search Results" library="eBay_UserDefinedKeywords">
<kw name="Input Text" library="SeleniumLibrary">
<arg>xpath://*[@id="gh-ac"]</arg>
<arg>mobile</arg>
<doc>Types the given ``text`` into the text field identified by ``locator``.</doc>
<msg timestamp="20221220 19:25:33.868" level="INFO">Typing text 'mobile' into text field 'xpath://*[@id="gh-ac"]'.</msg>
<status status="PASS" starttime="20221220 19:25:33.866" endtime="20221220 19:25:50.450"/>
</kw>
<kw name="Press Keys" library="SeleniumLibrary">
<arg>xpath://*[@id="gh-btn"]</arg>
<arg>RETURN</arg>
<doc>Simulates the user pressing key(s) to an element or on the active browser.</doc>
<msg timestamp="20221220 19:25:50.451" level="INFO">Sending key(s) ('RETURN',) to xpath://*[@id="gh-btn"] element.</msg>
<msg timestamp="20221220 19:25:57.391" level="INFO">Pressing special key RETURN to element.</msg>
<msg timestamp="20221220 19:25:57.391" level="INFO">Releasing special key RETURN.</msg>
<status status="PASS" starttime="20221220 19:25:50.450" endtime="20221220 19:25:57.405"/>
</kw>
<kw name="Page Should Contain" library="SeleniumLibrary">
<arg>results for mobile</arg>
<doc>Verifies that current page contains ``text``.</doc>
<msg timestamp="20221220 19:25:57.463" level="INFO">Current page contains text 'results for mobile'.</msg>
<status status="PASS" starttime="20221220 19:25:57.405" endtime="20221220 19:25:57.463"/>
</kw>
<status status="PASS" starttime="20221220 19:25:33.866" endtime="20221220 19:25:57.463"/>
</kw>
<kw name="Filter results by condition" library="eBay_UserDefinedKeywords">
<kw name="Click Element" library="SeleniumLibrary">
<arg>//span[@class='filter-menu-button__button-text' and text()='Condition']</arg>
<doc>Click the element identified by ``locator``.</doc>
<msg timestamp="20221220 19:25:57.464" level="INFO">Clicking element '//span[@class='filter-menu-button__button-text' and text()='Condition']'.</msg>
<status status="PASS" starttime="20221220 19:25:57.464" endtime="20221220 19:25:59.851"/>
</kw>
<kw name="Click Element" library="SeleniumLibrary">
<arg>//span[@class='filter-menu-button__text' and text()='New']</arg>
<doc>Click the element identified by ``locator``.</doc>
<msg timestamp="20221220 19:25:59.852" level="INFO">Clicking element '//span[@class='filter-menu-button__text' and text()='New']'.</msg>
<status status="PASS" starttime="20221220 19:25:59.851" endtime="20221220 19:26:03.048"/>
</kw>
<status status="PASS" starttime="20221220 19:25:57.464" endtime="20221220 19:26:03.048"/>
</kw>
<kw name="Verify filter results" library="eBay_UserDefinedKeywords">
<kw name="Element Should Contain" library="SeleniumLibrary">
<arg>//div[text()='New']</arg>
<arg>New</arg>
<doc>Verifies that element ``locator`` contains text ``expected``.</doc>
<msg timestamp="20221220 19:26:03.221" level="INFO">Element '//div[text()='New']' contains text 'New'.</msg>
<status status="PASS" starttime="20221220 19:26:03.048" endtime="20221220 19:26:03.221"/>
</kw>
<status status="PASS" starttime="20221220 19:26:03.048" endtime="20221220 19:26:03.221"/>
</kw>
<kw name="Finish TestCase" library="CommonFunctionality">
<kw name="Close Browser" library="SeleniumLibrary">
<doc>Closes the current browser.</doc>
<status status="PASS" starttime="20221220 19:26:03.221" endtime="20221220 19:26:03.318"/>
</kw>
<status status="PASS" starttime="20221220 19:26:03.221" endtime="20221220 19:26:03.319"/>
</kw>
<doc>This test case verifies the basic search</doc>
<tag>Functional</tag>
<status status="PASS" starttime="20221220 19:25:24.613" endtime="20221220 19:26:03.319"/>
</test>
<doc>Basic Search Functionality</doc>
<status status="PASS" starttime="20221220 19:25:24.435" endtime="20221220 19:26:03.319"/>
</suite>
<statistics>
<total>
<stat pass="1" fail="0" skip="0">All Tests</stat>
</total>
<tag>
<stat pass="1" fail="0" skip="0">Functional</stat>
</tag>
<suite>
<stat pass="1" fail="0" skip="0" id="s1" name="BasicSearch3">BasicSearch3</stat>
</suite>
</statistics>
<errors>
</errors>
</robot>
