<?xml version="1.0" encoding="UTF-8"?>
<robot generator="Robot 6.0.1 (Python 3.11.1 on darwin)" generated="20221220 11:44:50.801" rpa="false" schemaversion="3">
<suite id="s1" name="BasicSearchKeywords" source="/Users/emregul/PycharmProjects/RobotFWTutuorial/Tests/eBay/BasicSearchKeywords.robot">
<test id="s1-t1" name="Verify basic search functionality for eBay" line="10">
<kw name="Start TestCase">
<kw name="Open Browser" library="SeleniumLibrary">
<arg>https://www.ebay.com</arg>
<arg>chrome</arg>
<doc>Opens a new browser instance to the optional ``url``.</doc>
<msg timestamp="20221220 11:44:52.115" level="INFO">Opening browser 'chrome' to base url 'https://www.ebay.com'.</msg>
<status status="PASS" starttime="20221220 11:44:52.115" endtime="20221220 11:45:02.724"/>
</kw>
<kw name="Maximize Browser Window" library="SeleniumLibrary">
<doc>Maximizes current browser window.</doc>
<status status="PASS" starttime="20221220 11:45:02.725" endtime="20221220 11:45:04.677"/>
</kw>
<status status="PASS" starttime="20221220 11:44:52.115" endtime="20221220 11:45:04.678"/>
</kw>
<kw name="Verify Search Results">
<kw name="Input Text" library="SeleniumLibrary">
<arg>xpath://*[@id="gh-ac"]</arg>
<arg>mobile</arg>
<doc>Types the given ``text`` into the text field identified by ``locator``.</doc>
<msg timestamp="20221220 11:45:04.683" level="INFO">Typing text 'mobile' into text field 'xpath://*[@id="gh-ac"]'.</msg>
<status status="PASS" starttime="20221220 11:45:04.678" endtime="20221220 11:45:21.569"/>
</kw>
<kw name="Press Keys" library="SeleniumLibrary">
<arg>xpath://*[@id="gh-btn"]</arg>
<arg>RETURN</arg>
<doc>Simulates the user pressing key(s) to an element or on the active browser.</doc>
<msg timestamp="20221220 11:45:21.569" level="INFO">Sending key(s) ('RETURN',) to xpath://*[@id="gh-btn"] element.</msg>
<msg timestamp="20221220 11:45:28.685" level="INFO">Pressing special key RETURN to element.</msg>
<msg timestamp="20221220 11:45:28.685" level="INFO">Releasing special key RETURN.</msg>
<status status="PASS" starttime="20221220 11:45:21.569" endtime="20221220 11:45:28.698"/>
</kw>
<kw name="Page Should Contain" library="SeleniumLibrary">
<arg>results for mobile</arg>
<doc>Verifies that current page contains ``text``.</doc>
<msg timestamp="20221220 11:45:28.875" level="INFO">Current page contains text 'results for mobile'.</msg>
<status status="PASS" starttime="20221220 11:45:28.698" endtime="20221220 11:45:28.875"/>
</kw>
<status status="PASS" starttime="20221220 11:45:04.678" endtime="20221220 11:45:28.875"/>
</kw>
<kw name="Finish TestCase">
<kw name="Close Browser" library="SeleniumLibrary">
<doc>Closes the current browser.</doc>
<status status="PASS" starttime="20221220 11:45:28.875" endtime="20221220 11:45:28.970"/>
</kw>
<status status="PASS" starttime="20221220 11:45:28.875" endtime="20221220 11:45:28.970"/>
</kw>
<doc>This test case verifies the basic search</doc>
<tag>Functional</tag>
<status status="PASS" starttime="20221220 11:44:52.115" endtime="20221220 11:45:28.970"/>
</test>
<doc>Basic Search Functionality</doc>
<status status="PASS" starttime="20221220 11:44:50.805" endtime="20221220 11:45:28.970"/>
</suite>
<statistics>
<total>
<stat pass="1" fail="0" skip="0">All Tests</stat>
</total>
<tag>
<stat pass="1" fail="0" skip="0">Functional</stat>
</tag>
<suite>
<stat pass="1" fail="0" skip="0" id="s1" name="BasicSearchKeywords">BasicSearchKeywords</stat>
</suite>
</statistics>
<errors>
</errors>
</robot>
